Determining if the Q_WS_WIN exist failed with the following output:
Change Dir: /opt/stellarium-0.11.4/builds/unix/CMakeFiles/CMakeTmp

Run Build Command:/usr/bin/make "cmTryCompileExec/fast"
/usr/bin/make -f CMakeFiles/cmTryCompileExec.dir/build.make CMakeFiles/cmTryCompileExec.dir/build
make[1]: Entering directory `/opt/stellarium-0.11.4/builds/unix/CMakeFiles/CMakeTmp'
/usr/bin/cmake -E cmake_progress_report /opt/stellarium-0.11.4/builds/unix/CMakeFiles/CMakeTmp/CMakeFiles 1
Building CXX object CMakeFiles/cmTryCompileExec.dir/CheckSymbolExists.cxx.o
/usr/bin/c++    -Wall -Wextra   -I/usr/include/qt4    -o CMakeFiles/cmTryCompileExec.dir/CheckSymbolExists.cxx.o -c /opt/stellarium-0.11.4/builds/unix/CMakeFiles/CMakeTmp/CheckSymbolExists.cxx
/opt/stellarium-0.11.4/builds/unix/CMakeFiles/CMakeTmp/CheckSymbolExists.cxx: In function ‘int main()’:
/opt/stellarium-0.11.4/builds/unix/CMakeFiles/CMakeTmp/CheckSymbolExists.cxx:8:25: error: ‘Q_WS_WIN’ was not declared in this scope
make[1]: Leaving directory `/opt/stellarium-0.11.4/builds/unix/CMakeFiles/CMakeTmp'
make[1]: *** [CMakeFiles/cmTryCompileExec.dir/CheckSymbolExists.cxx.o] Error 1
make: *** [cmTryCompileExec/fast] Error 2

File /opt/stellarium-0.11.4/builds/unix/CMakeFiles/CMakeTmp/CheckSymbolExists.cxx:
/* */
#include <QtCore/qglobal.h>

void cmakeRequireSymbol(int dummy,...){(void)dummy;}
int main()
{
#ifndef Q_WS_WIN
  cmakeRequireSymbol(0,&Q_WS_WIN);
#endif
  return 0;
}

Determining if the Q_WS_QWS exist failed with the following output:
Change Dir: /opt/stellarium-0.11.4/builds/unix/CMakeFiles/CMakeTmp

Run Build Command:/usr/bin/make "cmTryCompileExec/fast"
/usr/bin/make -f CMakeFiles/cmTryCompileExec.dir/build.make CMakeFiles/cmTryCompileExec.dir/build
make[1]: Entering directory `/opt/stellarium-0.11.4/builds/unix/CMakeFiles/CMakeTmp'
/usr/bin/cmake -E cmake_progress_report /opt/stellarium-0.11.4/builds/unix/CMakeFiles/CMakeTmp/CMakeFiles 1
Building CXX object CMakeFiles/cmTryCompileExec.dir/CheckSymbolExists.cxx.o
/usr/bin/c++    -Wall -Wextra   -I/usr/include/qt4    -o CMakeFiles/cmTryCompileExec.dir/CheckSymbolExists.cxx.o -c /opt/stellarium-0.11.4/builds/unix/CMakeFiles/CMakeTmp/CheckSymbolExists.cxx
/opt/stellarium-0.11.4/builds/unix/CMakeFiles/CMakeTmp/CheckSymbolExists.cxx: In function ‘int main()’:
/opt/stellarium-0.11.4/builds/unix/CMakeFiles/CMakeTmp/CheckSymbolExists.cxx:8:25: error: ‘Q_WS_QWS’ was not declared in this scope
make[1]: Leaving directory `/opt/stellarium-0.11.4/builds/unix/CMakeFiles/CMakeTmp'
make[1]: *** [CMakeFiles/cmTryCompileExec.dir/CheckSymbolExists.cxx.o] Error 1
make: *** [cmTryCompileExec/fast] Error 2

File /opt/stellarium-0.11.4/builds/unix/CMakeFiles/CMakeTmp/CheckSymbolExists.cxx:
/* */
#include <QtCore/qglobal.h>

void cmakeRequireSymbol(int dummy,...){(void)dummy;}
int main()
{
#ifndef Q_WS_QWS
  cmakeRequireSymbol(0,&Q_WS_QWS);
#endif
  return 0;
}

Determining if the Q_WS_MAC exist failed with the following output:
Change Dir: /opt/stellarium-0.11.4/builds/unix/CMakeFiles/CMakeTmp

Run Build Command:/usr/bin/make "cmTryCompileExec/fast"
/usr/bin/make -f CMakeFiles/cmTryCompileExec.dir/build.make CMakeFiles/cmTryCompileExec.dir/build
make[1]: Entering directory `/opt/stellarium-0.11.4/builds/unix/CMakeFiles/CMakeTmp'
/usr/bin/cmake -E cmake_progress_report /opt/stellarium-0.11.4/builds/unix/CMakeFiles/CMakeTmp/CMakeFiles 1
Building CXX object CMakeFiles/cmTryCompileExec.dir/CheckSymbolExists.cxx.o
/usr/bin/c++    -Wall -Wextra   -I/usr/include/qt4    -o CMakeFiles/cmTryCompileExec.dir/CheckSymbolExists.cxx.o -c /opt/stellarium-0.11.4/builds/unix/CMakeFiles/CMakeTmp/CheckSymbolExists.cxx
/opt/stellarium-0.11.4/builds/unix/CMakeFiles/CMakeTmp/CheckSymbolExists.cxx: In function ‘int main()’:
/opt/stellarium-0.11.4/builds/unix/CMakeFiles/CMakeTmp/CheckSymbolExists.cxx:8:25: error: ‘Q_WS_MAC’ was not declared in this scope
make[1]: Leaving directory `/opt/stellarium-0.11.4/builds/unix/CMakeFiles/CMakeTmp'
make[1]: *** [CMakeFiles/cmTryCompileExec.dir/CheckSymbolExists.cxx.o] Error 1
make: *** [cmTryCompileExec/fast] Error 2

File /opt/stellarium-0.11.4/builds/unix/CMakeFiles/CMakeTmp/CheckSymbolExists.cxx:
/* */
#include <QtCore/qglobal.h>

void cmakeRequireSymbol(int dummy,...){(void)dummy;}
int main()
{
#ifndef Q_WS_MAC
  cmakeRequireSymbol(0,&Q_WS_MAC);
#endif
  return 0;
}

Performing C++ SOURCE FILE Test ICONV_SECOND_ARGUMENT_IS_CONST failed with the following output:
Change Dir: /opt/stellarium-0.11.4/builds/unix/CMakeFiles/CMakeTmp

Run Build Command:/usr/bin/make "cmTryCompileExec/fast"
/usr/bin/make -f CMakeFiles/cmTryCompileExec.dir/build.make CMakeFiles/cmTryCompileExec.dir/build
make[1]: Entering directory `/opt/stellarium-0.11.4/builds/unix/CMakeFiles/CMakeTmp'
/usr/bin/cmake -E cmake_progress_report /opt/stellarium-0.11.4/builds/unix/CMakeFiles/CMakeTmp/CMakeFiles 1
Building CXX object CMakeFiles/cmTryCompileExec.dir/src.cxx.o
/usr/bin/c++    -Wall -Wextra  -DICONV_SECOND_ARGUMENT_IS_CONST   -o CMakeFiles/cmTryCompileExec.dir/src.cxx.o -c /opt/stellarium-0.11.4/builds/unix/CMakeFiles/CMakeTmp/src.cxx
/opt/stellarium-0.11.4/builds/unix/CMakeFiles/CMakeTmp/src.cxx: In function ‘int main()’:
/opt/stellarium-0.11.4/builds/unix/CMakeFiles/CMakeTmp/src.cxx:9:40: error: invalid conversion from ‘const char**’ to ‘char**’ [-fpermissive]
/usr/include/iconv.h:43:15: error:   initializing argument 2 of ‘size_t iconv(iconv_t, char**, size_t*, char**, size_t*)’ [-fpermissive]
make[1]: Leaving directory `/opt/stellarium-0.11.4/builds/unix/CMakeFiles/CMakeTmp'
make[1]: *** [CMakeFiles/cmTryCompileExec.dir/src.cxx.o] Error 1
make: *** [cmTryCompileExec/fast] Error 2

Source file was:

  #include <iconv.h>
  int main(){
    iconv_t conv = 0;
    const char* in = 0;
    size_t ilen = 0;
    char* out = 0;
    size_t olen = 0;
    iconv(conv, &in, &ilen, &out, &olen);
    return 0;
  }

